2013-09-18T00:14:03+00:00 ERR (3): 
exception 'Mage_Core_Exception' with message 'Invalid block type: Mage_Googleoptimizer_Block_Code_Conversion' in /home/projefs1/public_html/app/Mage.php:594
Stack trace:
#0 /home/projefs1/public_html/app/code/core/Mage/Core/Model/Layout.php(495): Mage::throwException('Invalid block t...')
#1 /home/projefs1/public_html/app/code/core/Mage/Core/Model/Layout.php(437): Mage_Core_Model_Layout->_getBlockInstance('googleoptimizer...', Array)
#2 /home/projefs1/public_html/app/code/core/Mage/Core/Model/Layout.php(472): Mage_Core_Model_Layout->createBlock('googleoptimizer...', 'googleoptimizer...')
#3 /home/projefs1/public_html/app/code/core/Mage/Core/Model/Layout.php(239): Mage_Core_Model_Layout->addBlock('googleoptimizer...', 'googleoptimizer...')
#4 /home/projefs1/public_html/app/code/core/Mage/Core/Model/Layout.php(205): Mage_Core_Model_Layout->_generateBlock(Object(Mage_Core_Model_Layout_Element), Object(Mage_Core_Model_Layout_Element))
#5 /home/projefs1/public_html/app/code/core/Mage/Core/Model/Layout.php(210): Mage_Core_Model_Layout->generateBlocks(Object(Mage_Core_Model_Layout_Element))
#6 /home/projefs1/public_html/app/code/core/Mage/Core/Controller/Varien/Action.php(344): Mage_Core_Model_Layout->generateBlocks()
#7 /home/projefs1/public_html/app/code/core/Mage/Core/Controller/Varien/Action.php(269): Mage_Core_Controller_Varien_Action->generateLayoutBlocks()
#8 /home/projefs1/public_html/app/code/local/Idev/OneStepCheckout/controllers/IndexController.php(25): Mage_Core_Controller_Varien_Action->loadLayout()
#9 /home/projefs1/public_html/app/code/core/Mage/Core/Controller/Varien/Action.php(419): Idev_OneStepCheckout_IndexController->indexAction()
#10 /home/projefs1/public_html/app/code/core/Mage/Core/Controller/Varien/Router/Standard.php(250): Mage_Core_Controller_Varien_Action->dispatch('index')
#11 /home/projefs1/public_html/app/code/core/Mage/Core/Controller/Varien/Front.php(176): Mage_Core_Controller_Varien_Router_Standard->match(Object(Mage_Core_Controller_Request_Http))
#12 /home/projefs1/public_html/app/code/core/Mage/Core/Model/App.php(354): Mage_Core_Controller_Varien_Front->dispatch()
#13 /home/projefs1/public_html/app/Mage.php(683): Mage_Core_Model_App->run(Array)
#14 /home/projefs1/public_html/index.php(87): Mage::run('', 'store')
#15 {main}
2013-09-26T04:57:05+00:00 ERR (3): 
exception 'Mage_Core_Exception' with message 'Invalid block type: Mage_Googleoptimizer_Block_Code_Conversion' in /home/projefs1/public_html/app/Mage.php:594
Stack trace:
#0 /home/projefs1/public_html/app/code/core/Mage/Core/Model/Layout.php(495): Mage::throwException('Invalid block t...')
#1 /home/projefs1/public_html/app/code/core/Mage/Core/Model/Layout.php(437): Mage_Core_Model_Layout->_getBlockInstance('googleoptimizer...', Array)
#2 /home/projefs1/public_html/app/code/core/Mage/Core/Model/Layout.php(472): Mage_Core_Model_Layout->createBlock('googleoptimizer...', 'googleoptimizer...')
#3 /home/projefs1/public_html/app/code/core/Mage/Core/Model/Layout.php(239): Mage_Core_Model_Layout->addBlock('googleoptimizer...', 'googleoptimizer...')
#4 /home/projefs1/public_html/app/code/core/Mage/Core/Model/Layout.php(205): Mage_Core_Model_Layout->_generateBlock(Object(Mage_Core_Model_Layout_Element), Object(Mage_Core_Model_Layout_Element))
#5 /home/projefs1/public_html/app/code/core/Mage/Core/Model/Layout.php(210): Mage_Core_Model_Layout->generateBlocks(Object(Mage_Core_Model_Layout_Element))
#6 /home/projefs1/public_html/app/code/core/Mage/Core/Controller/Varien/Action.php(344): Mage_Core_Model_Layout->generateBlocks()
#7 /home/projefs1/public_html/app/code/core/Mage/Core/Controller/Varien/Action.php(269): Mage_Core_Controller_Varien_Action->generateLayoutBlocks()
#8 /home/projefs1/public_html/app/code/local/Idev/OneStepCheckout/controllers/IndexController.php(25): Mage_Core_Controller_Varien_Action->loadLayout()
#9 /home/projefs1/public_html/app/code/core/Mage/Core/Controller/Varien/Action.php(419): Idev_OneStepCheckout_IndexController->indexAction()
#10 /home/projefs1/public_html/app/code/core/Mage/Core/Controller/Varien/Router/Standard.php(250): Mage_Core_Controller_Varien_Action->dispatch('index')
#11 /home/projefs1/public_html/app/code/core/Mage/Core/Controller/Varien/Front.php(176): Mage_Core_Controller_Varien_Router_Standard->match(Object(Mage_Core_Controller_Request_Http))
#12 /home/projefs1/public_html/app/code/core/Mage/Core/Model/App.php(354): Mage_Core_Controller_Varien_Front->dispatch()
#13 /home/projefs1/public_html/app/Mage.php(683): Mage_Core_Model_App->run(Array)
#14 /home/projefs1/public_html/index.php(87): Mage::run('', 'store')
#15 {main}
2013-09-26T07:28:40+00:00 ERR (3): 
exception 'Mage_Core_Exception' with message 'Invalid block type: Mage_Googleoptimizer_Block_Code_Conversion' in /home/projefs1/public_html/app/Mage.php:594
Stack trace:
#0 /home/projefs1/public_html/app/code/core/Mage/Core/Model/Layout.php(495): Mage::throwException('Invalid block t...')
#1 /home/projefs1/public_html/app/code/core/Mage/Core/Model/Layout.php(437): Mage_Core_Model_Layout->_getBlockInstance('googleoptimizer...', Array)
#2 /home/projefs1/public_html/app/code/core/Mage/Core/Model/Layout.php(472): Mage_Core_Model_Layout->createBlock('googleoptimizer...', 'googleoptimizer...')
#3 /home/projefs1/public_html/app/code/core/Mage/Core/Model/Layout.php(239): Mage_Core_Model_Layout->addBlock('googleoptimizer...', 'googleoptimizer...')
#4 /home/projefs1/public_html/app/code/core/Mage/Core/Model/Layout.php(205): Mage_Core_Model_Layout->_generateBlock(Object(Mage_Core_Model_Layout_Element), Object(Mage_Core_Model_Layout_Element))
#5 /home/projefs1/public_html/app/code/core/Mage/Core/Model/Layout.php(210): Mage_Core_Model_Layout->generateBlocks(Object(Mage_Core_Model_Layout_Element))
#6 /home/projefs1/public_html/app/code/core/Mage/Core/Controller/Varien/Action.php(344): Mage_Core_Model_Layout->generateBlocks()
#7 /home/projefs1/public_html/app/code/core/Mage/Core/Controller/Varien/Action.php(269): Mage_Core_Controller_Varien_Action->generateLayoutBlocks()
#8 /home/projefs1/public_html/app/code/local/Idev/OneStepCheckout/controllers/IndexController.php(25): Mage_Core_Controller_Varien_Action->loadLayout()
#9 /home/projefs1/public_html/app/code/core/Mage/Core/Controller/Varien/Action.php(419): Idev_OneStepCheckout_IndexController->indexAction()
#10 /home/projefs1/public_html/app/code/core/Mage/Core/Controller/Varien/Router/Standard.php(250): Mage_Core_Controller_Varien_Action->dispatch('index')
#11 /home/projefs1/public_html/app/code/core/Mage/Core/Controller/Varien/Front.php(176): Mage_Core_Controller_Varien_Router_Standard->match(Object(Mage_Core_Controller_Request_Http))
#12 /home/projefs1/public_html/app/code/core/Mage/Core/Model/App.php(354): Mage_Core_Controller_Varien_Front->dispatch()
#13 /home/projefs1/public_html/app/Mage.php(683): Mage_Core_Model_App->run(Array)
#14 /home/projefs1/public_html/index.php(87): Mage::run('', 'store')
#15 {main}
2013-09-26T17:18:39+00:00 DEBUG (7): Exception message: package with this name does not exist and cannot be set.
Trace: #0 /home/projefs1/public_html/app/code/core/Mage/Core/Model/Abstract.php(316): Mage_Adminhtml_Model_System_Config_Backend_Design_Package->_beforeSave()
#1 /home/projefs1/public_html/app/code/core/Mage/Core/Model/Resource/Transaction.php(151): Mage_Core_Model_Abstract->save()
#2 /home/projefs1/public_html/app/code/core/Mage/Adminhtml/Model/Config/Data.php(195): Mage_Core_Model_Resource_Transaction->save()
#3 /home/projefs1/public_html/app/code/core/Mage/Adminhtml/controllers/System/ConfigController.php(160): Mage_Adminhtml_Model_Config_Data->save()
#4 /home/projefs1/public_html/app/code/core/Mage/Core/Controller/Varien/Action.php(419): Mage_Adminhtml_System_ConfigController->saveAction()
#5 /home/projefs1/public_html/app/code/core/Mage/Core/Controller/Varien/Router/Standard.php(250): Mage_Core_Controller_Varien_Action->dispatch('save')
#6 /home/projefs1/public_html/app/code/core/Mage/Core/Controller/Varien/Front.php(176): Mage_Core_Controller_Varien_Router_Standard->match(Object(Mage_Core_Controller_Request_Http))
#7 /home/projefs1/public_html/app/code/core/Mage/Core/Model/App.php(354): Mage_Core_Controller_Varien_Front->dispatch()
#8 /home/projefs1/public_html/app/Mage.php(683): Mage_Core_Model_App->run(Array)
#9 /home/projefs1/public_html/index.php(87): Mage::run('', 'store')
#10 {main}
2013-09-26T22:51:43+00:00 ERR (3): 
exception 'Mage_Core_Exception' with message 'Invalid block type: Mage_Googleoptimizer_Block_Code_Conversion' in /home/projefs1/public_html/app/Mage.php:594
Stack trace:
#0 /home/projefs1/public_html/app/code/core/Mage/Core/Model/Layout.php(495): Mage::throwException('Invalid block t...')
#1 /home/projefs1/public_html/app/code/core/Mage/Core/Model/Layout.php(437): Mage_Core_Model_Layout->_getBlockInstance('googleoptimizer...', Array)
#2 /home/projefs1/public_html/app/code/core/Mage/Core/Model/Layout.php(472): Mage_Core_Model_Layout->createBlock('googleoptimizer...', 'googleoptimizer...')
#3 /home/projefs1/public_html/app/code/core/Mage/Core/Model/Layout.php(239): Mage_Core_Model_Layout->addBlock('googleoptimizer...', 'googleoptimizer...')
#4 /home/projefs1/public_html/app/code/core/Mage/Core/Model/Layout.php(205): Mage_Core_Model_Layout->_generateBlock(Object(Mage_Core_Model_Layout_Element), Object(Mage_Core_Model_Layout_Element))
#5 /home/projefs1/public_html/app/code/core/Mage/Core/Model/Layout.php(210): Mage_Core_Model_Layout->generateBlocks(Object(Mage_Core_Model_Layout_Element))
#6 /home/projefs1/public_html/app/code/core/Mage/Core/Controller/Varien/Action.php(344): Mage_Core_Model_Layout->generateBlocks()
#7 /home/projefs1/public_html/app/code/core/Mage/Core/Controller/Varien/Action.php(269): Mage_Core_Controller_Varien_Action->generateLayoutBlocks()
#8 /home/projefs1/public_html/app/code/local/Idev/OneStepCheckout/controllers/IndexController.php(25): Mage_Core_Controller_Varien_Action->loadLayout()
#9 /home/projefs1/public_html/app/code/core/Mage/Core/Controller/Varien/Action.php(419): Idev_OneStepCheckout_IndexController->indexAction()
#10 /home/projefs1/public_html/app/code/core/Mage/Core/Controller/Varien/Router/Standard.php(250): Mage_Core_Controller_Varien_Action->dispatch('index')
#11 /home/projefs1/public_html/app/code/core/Mage/Core/Controller/Varien/Front.php(176): Mage_Core_Controller_Varien_Router_Standard->match(Object(Mage_Core_Controller_Request_Http))
#12 /home/projefs1/public_html/app/code/core/Mage/Core/Model/App.php(354): Mage_Core_Controller_Varien_Front->dispatch()
#13 /home/projefs1/public_html/app/Mage.php(683): Mage_Core_Model_App->run(Array)
#14 /home/projefs1/public_html/index.php(87): Mage::run('', 'store')
#15 {main}
2013-09-26T22:55:20+00:00 ERR (3): 
exception 'Mage_Core_Exception' with message 'Invalid block type: Mage_Googleoptimizer_Block_Code_Conversion' in /home/projefs1/public_html/app/Mage.php:594
Stack trace:
#0 /home/projefs1/public_html/app/code/core/Mage/Core/Model/Layout.php(495): Mage::throwException('Invalid block t...')
#1 /home/projefs1/public_html/app/code/core/Mage/Core/Model/Layout.php(437): Mage_Core_Model_Layout->_getBlockInstance('googleoptimizer...', Array)
#2 /home/projefs1/public_html/app/code/core/Mage/Core/Model/Layout.php(472): Mage_Core_Model_Layout->createBlock('googleoptimizer...', 'googleoptimizer...')
#3 /home/projefs1/public_html/app/code/core/Mage/Core/Model/Layout.php(239): Mage_Core_Model_Layout->addBlock('googleoptimizer...', 'googleoptimizer...')
#4 /home/projefs1/public_html/app/code/core/Mage/Core/Model/Layout.php(205): Mage_Core_Model_Layout->_generateBlock(Object(Mage_Core_Model_Layout_Element), Object(Mage_Core_Model_Layout_Element))
#5 /home/projefs1/public_html/app/code/core/Mage/Core/Model/Layout.php(210): Mage_Core_Model_Layout->generateBlocks(Object(Mage_Core_Model_Layout_Element))
#6 /home/projefs1/public_html/app/code/core/Mage/Core/Controller/Varien/Action.php(344): Mage_Core_Model_Layout->generateBlocks()
#7 /home/projefs1/public_html/app/code/core/Mage/Core/Controller/Varien/Action.php(269): Mage_Core_Controller_Varien_Action->generateLayoutBlocks()
#8 /home/projefs1/public_html/app/code/local/Idev/OneStepCheckout/controllers/IndexController.php(25): Mage_Core_Controller_Varien_Action->loadLayout()
#9 /home/projefs1/public_html/app/code/core/Mage/Core/Controller/Varien/Action.php(419): Idev_OneStepCheckout_IndexController->indexAction()
#10 /home/projefs1/public_html/app/code/core/Mage/Core/Controller/Varien/Router/Standard.php(250): Mage_Core_Controller_Varien_Action->dispatch('index')
#11 /home/projefs1/public_html/app/code/core/Mage/Core/Controller/Varien/Front.php(176): Mage_Core_Controller_Varien_Router_Standard->match(Object(Mage_Core_Controller_Request_Http))
#12 /home/projefs1/public_html/app/code/core/Mage/Core/Model/App.php(354): Mage_Core_Controller_Varien_Front->dispatch()
#13 /home/projefs1/public_html/app/Mage.php(683): Mage_Core_Model_App->run(Array)
#14 /home/projefs1/public_html/index.php(87): Mage::run('', 'store')
#15 {main}
2013-09-27T04:51:38+00:00 ERR (3): 
exception 'PDOException' with message 'SQLSTATE[HY000]: General error: 2006 MySQL server has gone away' in /home/projefs1/public_html/lib/Zend/Db/Statement/Pdo.php:228
Stack trace:
#0 /home/projefs1/public_html/lib/Zend/Db/Statement/Pdo.php(228): PDOStatement->execute(Array)
#1 /home/projefs1/public_html/lib/Varien/Db/Statement/Pdo/Mysql.php(110): Zend_Db_Statement_Pdo->_execute(Array)
#2 /home/projefs1/public_html/lib/Zend/Db/Statement.php(300): Varien_Db_Statement_Pdo_Mysql->_execute(Array)
#3 /home/projefs1/public_html/lib/Zend/Db/Adapter/Abstract.php(479): Zend_Db_Statement->execute(Array)
#4 /home/projefs1/public_html/lib/Zend/Db/Adapter/Pdo/Abstract.php(238): Zend_Db_Adapter_Abstract->query('INSERT INTO `lo...', Array)
#5 /home/projefs1/public_html/lib/Varien/Db/Adapter/Pdo/Mysql.php(419): Zend_Db_Adapter_Pdo_Abstract->query('INSERT INTO `lo...', Array)
#6 /home/projefs1/public_html/lib/Zend/Db/Adapter/Abstract.php(574): Varien_Db_Adapter_Pdo_Mysql->query('INSERT INTO `lo...', Array)
#7 /home/projefs1/public_html/app/code/core/Mage/Log/Model/Resource/Visitor.php(78): Zend_Db_Adapter_Abstract->insert('log_url_info', Array)
#8 /home/projefs1/public_html/app/code/core/Mage/Log/Model/Resource/Visitor.php(94): Mage_Log_Model_Resource_Visitor->_saveUrlInfo(Object(Mage_Log_Model_Visitor))
#9 /home/projefs1/public_html/app/code/core/Mage/Core/Model/Resource/Db/Abstract.php(423): Mage_Log_Model_Resource_Visitor->_beforeSave(Object(Mage_Log_Model_Visitor))
#10 /home/projefs1/public_html/app/code/core/Mage/Core/Model/Abstract.php(318): Mage_Core_Model_Resource_Db_Abstract->save(Object(Mage_Log_Model_Visitor))
#11 /home/projefs1/public_html/app/code/core/Mage/Log/Model/Visitor.php(189): Mage_Core_Model_Abstract->save()
#12 /home/projefs1/public_html/app/code/core/Mage/Core/Model/App.php(1338): Mage_Log_Model_Visitor->saveByRequest(Object(Varien_Event_Observer))
#13 /home/projefs1/public_html/app/code/core/Mage/Core/Model/App.php(1317): Mage_Core_Model_App->_callObserverMethod(Object(Mage_Log_Model_Visitor), 'saveByRequest', Object(Varien_Event_Observer))
#14 /home/projefs1/public_html/app/Mage.php(447): Mage_Core_Model_App->dispatchEvent('controller_acti...', Array)
#15 /home/projefs1/public_html/app/code/core/Mage/Core/Controller/Varien/Action.php(552): Mage::dispatchEvent('controller_acti...', Array)
#16 /home/projefs1/public_html/app/code/core/Mage/Core/Controller/Front/Action.php(75): Mage_Core_Controller_Varien_Action->postDispatch()
#17 /home/projefs1/public_html/app/code/core/Mage/Core/Controller/Varien/Action.php(423): Mage_Core_Controller_Front_Action->postDispatch()
#18 /home/projefs1/public_html/app/code/core/Mage/Core/Controller/Varien/Router/Standard.php(250): Mage_Core_Controller_Varien_Action->dispatch('noRoute')
#19 /home/projefs1/public_html/app/code/core/Mage/Core/Controller/Varien/Front.php(176): Mage_Core_Controller_Varien_Router_Standard->match(Object(Mage_Core_Controller_Request_Http))
#20 /home/projefs1/public_html/app/code/core/Mage/Core/Model/App.php(354): Mage_Core_Controller_Varien_Front->dispatch()
#21 /home/projefs1/public_html/app/Mage.php(683): Mage_Core_Model_App->run(Array)
#22 /home/projefs1/public_html/index.php(87): Mage::run('', 'store')
#23 {main}

Next exception 'Zend_Db_Statement_Exception' with message 'SQLSTATE[HY000]: General error: 2006 MySQL server has gone away' in /home/projefs1/public_html/lib/Zend/Db/Statement/Pdo.php:234
Stack trace:
#0 /home/projefs1/public_html/lib/Varien/Db/Statement/Pdo/Mysql.php(110): Zend_Db_Statement_Pdo->_execute(Array)
#1 /home/projefs1/public_html/lib/Zend/Db/Statement.php(300): Varien_Db_Statement_Pdo_Mysql->_execute(Array)
#2 /home/projefs1/public_html/lib/Zend/Db/Adapter/Abstract.php(479): Zend_Db_Statement->execute(Array)
#3 /home/projefs1/public_html/lib/Zend/Db/Adapter/Pdo/Abstract.php(238): Zend_Db_Adapter_Abstract->query('INSERT INTO `lo...', Array)
#4 /home/projefs1/public_html/lib/Varien/Db/Adapter/Pdo/Mysql.php(419): Zend_Db_Adapter_Pdo_Abstract->query('INSERT INTO `lo...', Array)
#5 /home/projefs1/public_html/lib/Zend/Db/Adapter/Abstract.php(574): Varien_Db_Adapter_Pdo_Mysql->query('INSERT INTO `lo...', Array)
#6 /home/projefs1/public_html/app/code/core/Mage/Log/Model/Resource/Visitor.php(78): Zend_Db_Adapter_Abstract->insert('log_url_info', Array)
#7 /home/projefs1/public_html/app/code/core/Mage/Log/Model/Resource/Visitor.php(94): Mage_Log_Model_Resource_Visitor->_saveUrlInfo(Object(Mage_Log_Model_Visitor))
#8 /home/projefs1/public_html/app/code/core/Mage/Core/Model/Resource/Db/Abstract.php(423): Mage_Log_Model_Resource_Visitor->_beforeSave(Object(Mage_Log_Model_Visitor))
#9 /home/projefs1/public_html/app/code/core/Mage/Core/Model/Abstract.php(318): Mage_Core_Model_Resource_Db_Abstract->save(Object(Mage_Log_Model_Visitor))
#10 /home/projefs1/public_html/app/code/core/Mage/Log/Model/Visitor.php(189): Mage_Core_Model_Abstract->save()
#11 /home/projefs1/public_html/app/code/core/Mage/Core/Model/App.php(1338): Mage_Log_Model_Visitor->saveByRequest(Object(Varien_Event_Observer))
#12 /home/projefs1/public_html/app/code/core/Mage/Core/Model/App.php(1317): Mage_Core_Model_App->_callObserverMethod(Object(Mage_Log_Model_Visitor), 'saveByRequest', Object(Varien_Event_Observer))
#13 /home/projefs1/public_html/app/Mage.php(447): Mage_Core_Model_App->dispatchEvent('controller_acti...', Array)
#14 /home/projefs1/public_html/app/code/core/Mage/Core/Controller/Varien/Action.php(552): Mage::dispatchEvent('controller_acti...', Array)
#15 /home/projefs1/public_html/app/code/core/Mage/Core/Controller/Front/Action.php(75): Mage_Core_Controller_Varien_Action->postDispatch()
#16 /home/projefs1/public_html/app/code/core/Mage/Core/Controller/Varien/Action.php(423): Mage_Core_Controller_Front_Action->postDispatch()
#17 /home/projefs1/public_html/app/code/core/Mage/Core/Controller/Varien/Router/Standard.php(250): Mage_Core_Controller_Varien_Action->dispatch('noRoute')
#18 /home/projefs1/public_html/app/code/core/Mage/Core/Controller/Varien/Front.php(176): Mage_Core_Controller_Varien_Router_Standard->match(Object(Mage_Core_Controller_Request_Http))
#19 /home/projefs1/public_html/app/code/core/Mage/Core/Model/App.php(354): Mage_Core_Controller_Varien_Front->dispatch()
#20 /home/projefs1/public_html/app/Mage.php(683): Mage_Core_Model_App->run(Array)
#21 /home/projefs1/public_html/index.php(87): Mage::run('', 'store')
#22 {main}
2013-09-27T04:51:38+00:00 ERR (3): 
exception 'PDOException' with message 'SQLSTATE[HY000]: General error: 2006 MySQL server has gone away' in /home/projefs1/public_html/lib/Zend/Db/Statement/Pdo.php:228
Stack trace:
#0 /home/projefs1/public_html/lib/Zend/Db/Statement/Pdo.php(228): PDOStatement->execute(Array)
#1 /home/projefs1/public_html/lib/Varien/Db/Statement/Pdo/Mysql.php(110): Zend_Db_Statement_Pdo->_execute(Array)
#2 /home/projefs1/public_html/lib/Zend/Db/Statement.php(300): Varien_Db_Statement_Pdo_Mysql->_execute(Array)
#3 /home/projefs1/public_html/lib/Zend/Db/Adapter/Abstract.php(479): Zend_Db_Statement->execute(Array)
#4 /home/projefs1/public_html/lib/Zend/Db/Adapter/Pdo/Abstract.php(238): Zend_Db_Adapter_Abstract->query('INSERT INTO `lo...', Array)
#5 /home/projefs1/public_html/lib/Varien/Db/Adapter/Pdo/Mysql.php(419): Zend_Db_Adapter_Pdo_Abstract->query('INSERT INTO `lo...', Array)
#6 /home/projefs1/public_html/lib/Zend/Db/Adapter/Abstract.php(574): Varien_Db_Adapter_Pdo_Mysql->query('INSERT INTO `lo...', Array)
#7 /home/projefs1/public_html/app/code/core/Mage/Log/Model/Resource/Visitor.php(78): Zend_Db_Adapter_Abstract->insert('log_url_info', Array)
#8 /home/projefs1/public_html/app/code/core/Mage/Log/Model/Resource/Visitor.php(94): Mage_Log_Model_Resource_Visitor->_saveUrlInfo(Object(Mage_Log_Model_Visitor))
#9 /home/projefs1/public_html/app/code/core/Mage/Core/Model/Resource/Db/Abstract.php(423): Mage_Log_Model_Resource_Visitor->_beforeSave(Object(Mage_Log_Model_Visitor))
#10 /home/projefs1/public_html/app/code/core/Mage/Core/Model/Abstract.php(318): Mage_Core_Model_Resource_Db_Abstract->save(Object(Mage_Log_Model_Visitor))
#11 /home/projefs1/public_html/app/code/core/Mage/Log/Model/Visitor.php(189): Mage_Core_Model_Abstract->save()
#12 /home/projefs1/public_html/app/code/core/Mage/Core/Model/App.php(1338): Mage_Log_Model_Visitor->saveByRequest(Object(Varien_Event_Observer))
#13 /home/projefs1/public_html/app/code/core/Mage/Core/Model/App.php(1317): Mage_Core_Model_App->_callObserverMethod(Object(Mage_Log_Model_Visitor), 'saveByRequest', Object(Varien_Event_Observer))
#14 /home/projefs1/public_html/app/Mage.php(447): Mage_Core_Model_App->dispatchEvent('controller_acti...', Array)
#15 /home/projefs1/public_html/app/code/core/Mage/Core/Controller/Varien/Action.php(552): Mage::dispatchEvent('controller_acti...', Array)
#16 /home/projefs1/public_html/app/code/core/Mage/Core/Controller/Front/Action.php(75): Mage_Core_Controller_Varien_Action->postDispatch()
#17 /home/projefs1/public_html/app/code/core/Mage/Core/Controller/Varien/Action.php(423): Mage_Core_Controller_Front_Action->postDispatch()
#18 /home/projefs1/public_html/app/code/core/Mage/Core/Controller/Varien/Router/Standard.php(250): Mage_Core_Controller_Varien_Action->dispatch('noRoute')
#19 /home/projefs1/public_html/app/code/core/Mage/Core/Controller/Varien/Front.php(176): Mage_Core_Controller_Varien_Router_Standard->match(Object(Mage_Core_Controller_Request_Http))
#20 /home/projefs1/public_html/app/code/core/Mage/Core/Model/App.php(354): Mage_Core_Controller_Varien_Front->dispatch()
#21 /home/projefs1/public_html/app/Mage.php(683): Mage_Core_Model_App->run(Array)
#22 /home/projefs1/public_html/index.php(87): Mage::run('', 'store')
#23 {main}

Next exception 'Zend_Db_Statement_Exception' with message 'SQLSTATE[HY000]: General error: 2006 MySQL server has gone away' in /home/projefs1/public_html/lib/Zend/Db/Statement/Pdo.php:234
Stack trace:
#0 /home/projefs1/public_html/lib/Varien/Db/Statement/Pdo/Mysql.php(110): Zend_Db_Statement_Pdo->_execute(Array)
#1 /home/projefs1/public_html/lib/Zend/Db/Statement.php(300): Varien_Db_Statement_Pdo_Mysql->_execute(Array)
#2 /home/projefs1/public_html/lib/Zend/Db/Adapter/Abstract.php(479): Zend_Db_Statement->execute(Array)
#3 /home/projefs1/public_html/lib/Zend/Db/Adapter/Pdo/Abstract.php(238): Zend_Db_Adapter_Abstract->query('INSERT INTO `lo...', Array)
#4 /home/projefs1/public_html/lib/Varien/Db/Adapter/Pdo/Mysql.php(419): Zend_Db_Adapter_Pdo_Abstract->query('INSERT INTO `lo...', Array)
#5 /home/projefs1/public_html/lib/Zend/Db/Adapter/Abstract.php(574): Varien_Db_Adapter_Pdo_Mysql->query('INSERT INTO `lo...', Array)
#6 /home/projefs1/public_html/app/code/core/Mage/Log/Model/Resource/Visitor.php(78): Zend_Db_Adapter_Abstract->insert('log_url_info', Array)
#7 /home/projefs1/public_html/app/code/core/Mage/Log/Model/Resource/Visitor.php(94): Mage_Log_Model_Resource_Visitor->_saveUrlInfo(Object(Mage_Log_Model_Visitor))
#8 /home/projefs1/public_html/app/code/core/Mage/Core/Model/Resource/Db/Abstract.php(423): Mage_Log_Model_Resource_Visitor->_beforeSave(Object(Mage_Log_Model_Visitor))
#9 /home/projefs1/public_html/app/code/core/Mage/Core/Model/Abstract.php(318): Mage_Core_Model_Resource_Db_Abstract->save(Object(Mage_Log_Model_Visitor))
#10 /home/projefs1/public_html/app/code/core/Mage/Log/Model/Visitor.php(189): Mage_Core_Model_Abstract->save()
#11 /home/projefs1/public_html/app/code/core/Mage/Core/Model/App.php(1338): Mage_Log_Model_Visitor->saveByRequest(Object(Varien_Event_Observer))
#12 /home/projefs1/public_html/app/code/core/Mage/Core/Model/App.php(1317): Mage_Core_Model_App->_callObserverMethod(Object(Mage_Log_Model_Visitor), 'saveByRequest', Object(Varien_Event_Observer))
#13 /home/projefs1/public_html/app/Mage.php(447): Mage_Core_Model_App->dispatchEvent('controller_acti...', Array)
#14 /home/projefs1/public_html/app/code/core/Mage/Core/Controller/Varien/Action.php(552): Mage::dispatchEvent('controller_acti...', Array)
#15 /home/projefs1/public_html/app/code/core/Mage/Core/Controller/Front/Action.php(75): Mage_Core_Controller_Varien_Action->postDispatch()
#16 /home/projefs1/public_html/app/code/core/Mage/Core/Controller/Varien/Action.php(423): Mage_Core_Controller_Front_Action->postDispatch()
#17 /home/projefs1/public_html/app/code/core/Mage/Core/Controller/Varien/Router/Standard.php(250): Mage_Core_Controller_Varien_Action->dispatch('noRoute')
#18 /home/projefs1/public_html/app/code/core/Mage/Core/Controller/Varien/Front.php(176): Mage_Core_Controller_Varien_Router_Standard->match(Object(Mage_Core_Controller_Request_Http))
#19 /home/projefs1/public_html/app/code/core/Mage/Core/Model/App.php(354): Mage_Core_Controller_Varien_Front->dispatch()
#20 /home/projefs1/public_html/app/Mage.php(683): Mage_Core_Model_App->run(Array)
#21 /home/projefs1/public_html/index.php(87): Mage::run('', 'store')
#22 {main}
2013-09-27T04:51:38+00:00 ERR (3): 
exception 'PDOException' with message 'SQLSTATE[HY000]: General error: 2006 MySQL server has gone away' in /home/projefs1/public_html/lib/Zend/Db/Statement/Pdo.php:228
Stack trace:
#0 /home/projefs1/public_html/lib/Zend/Db/Statement/Pdo.php(228): PDOStatement->execute(Array)
#1 /home/projefs1/public_html/lib/Varien/Db/Statement/Pdo/Mysql.php(110): Zend_Db_Statement_Pdo->_execute(Array)
#2 /home/projefs1/public_html/lib/Zend/Db/Statement.php(300): Varien_Db_Statement_Pdo_Mysql->_execute(Array)
#3 /home/projefs1/public_html/lib/Zend/Db/Adapter/Abstract.php(479): Zend_Db_Statement->execute(Array)
#4 /home/projefs1/public_html/lib/Zend/Db/Adapter/Pdo/Abstract.php(238): Zend_Db_Adapter_Abstract->query('INSERT INTO `lo...', Array)
#5 /home/projefs1/public_html/lib/Varien/Db/Adapter/Pdo/Mysql.php(419): Zend_Db_Adapter_Pdo_Abstract->query('INSERT INTO `lo...', Array)
#6 /home/projefs1/public_html/lib/Zend/Db/Adapter/Abstract.php(574): Varien_Db_Adapter_Pdo_Mysql->query('INSERT INTO `lo...', Array)
#7 /home/projefs1/public_html/app/code/core/Mage/Log/Model/Resource/Visitor.php(78): Zend_Db_Adapter_Abstract->insert('log_url_info', Array)
#8 /home/projefs1/public_html/app/code/core/Mage/Log/Model/Resource/Visitor.php(94): Mage_Log_Model_Resource_Visitor->_saveUrlInfo(Object(Mage_Log_Model_Visitor))
#9 /home/projefs1/public_html/app/code/core/Mage/Core/Model/Resource/Db/Abstract.php(423): Mage_Log_Model_Resource_Visitor->_beforeSave(Object(Mage_Log_Model_Visitor))
#10 /home/projefs1/public_html/app/code/core/Mage/Core/Model/Abstract.php(318): Mage_Core_Model_Resource_Db_Abstract->save(Object(Mage_Log_Model_Visitor))
#11 /home/projefs1/public_html/app/code/core/Mage/Log/Model/Visitor.php(189): Mage_Core_Model_Abstract->save()
#12 /home/projefs1/public_html/app/code/core/Mage/Core/Model/App.php(1338): Mage_Log_Model_Visitor->saveByRequest(Object(Varien_Event_Observer))
#13 /home/projefs1/public_html/app/code/core/Mage/Core/Model/App.php(1317): Mage_Core_Model_App->_callObserverMethod(Object(Mage_Log_Model_Visitor), 'saveByRequest', Object(Varien_Event_Observer))
#14 /home/projefs1/public_html/app/Mage.php(447): Mage_Core_Model_App->dispatchEvent('controller_acti...', Array)
#15 /home/projefs1/public_html/app/code/core/Mage/Core/Controller/Varien/Action.php(552): Mage::dispatchEvent('controller_acti...', Array)
#16 /home/projefs1/public_html/app/code/core/Mage/Core/Controller/Front/Action.php(75): Mage_Core_Controller_Varien_Action->postDispatch()
#17 /home/projefs1/public_html/app/code/core/Mage/Core/Controller/Varien/Action.php(423): Mage_Core_Controller_Front_Action->postDispatch()
#18 /home/projefs1/public_html/app/code/core/Mage/Core/Controller/Varien/Router/Standard.php(250): Mage_Core_Controller_Varien_Action->dispatch('noRoute')
#19 /home/projefs1/public_html/app/code/core/Mage/Core/Controller/Varien/Front.php(176): Mage_Core_Controller_Varien_Router_Standard->match(Object(Mage_Core_Controller_Request_Http))
#20 /home/projefs1/public_html/app/code/core/Mage/Core/Model/App.php(354): Mage_Core_Controller_Varien_Front->dispatch()
#21 /home/projefs1/public_html/app/Mage.php(683): Mage_Core_Model_App->run(Array)
#22 /home/projefs1/public_html/index.php(87): Mage::run('', 'store')
#23 {main}

Next exception 'Zend_Db_Statement_Exception' with message 'SQLSTATE[HY000]: General error: 2006 MySQL server has gone away' in /home/projefs1/public_html/lib/Zend/Db/Statement/Pdo.php:234
Stack trace:
#0 /home/projefs1/public_html/lib/Varien/Db/Statement/Pdo/Mysql.php(110): Zend_Db_Statement_Pdo->_execute(Array)
#1 /home/projefs1/public_html/lib/Zend/Db/Statement.php(300): Varien_Db_Statement_Pdo_Mysql->_execute(Array)
#2 /home/projefs1/public_html/lib/Zend/Db/Adapter/Abstract.php(479): Zend_Db_Statement->execute(Array)
#3 /home/projefs1/public_html/lib/Zend/Db/Adapter/Pdo/Abstract.php(238): Zend_Db_Adapter_Abstract->query('INSERT INTO `lo...', Array)
#4 /home/projefs1/public_html/lib/Varien/Db/Adapter/Pdo/Mysql.php(419): Zend_Db_Adapter_Pdo_Abstract->query('INSERT INTO `lo...', Array)
#5 /home/projefs1/public_html/lib/Zend/Db/Adapter/Abstract.php(574): Varien_Db_Adapter_Pdo_Mysql->query('INSERT INTO `lo...', Array)
#6 /home/projefs1/public_html/app/code/core/Mage/Log/Model/Resource/Visitor.php(78): Zend_Db_Adapter_Abstract->insert('log_url_info', Array)
#7 /home/projefs1/public_html/app/code/core/Mage/Log/Model/Resource/Visitor.php(94): Mage_Log_Model_Resource_Visitor->_saveUrlInfo(Object(Mage_Log_Model_Visitor))
#8 /home/projefs1/public_html/app/code/core/Mage/Core/Model/Resource/Db/Abstract.php(423): Mage_Log_Model_Resource_Visitor->_beforeSave(Object(Mage_Log_Model_Visitor))
#9 /home/projefs1/public_html/app/code/core/Mage/Core/Model/Abstract.php(318): Mage_Core_Model_Resource_Db_Abstract->save(Object(Mage_Log_Model_Visitor))
#10 /home/projefs1/public_html/app/code/core/Mage/Log/Model/Visitor.php(189): Mage_Core_Model_Abstract->save()
#11 /home/projefs1/public_html/app/code/core/Mage/Core/Model/App.php(1338): Mage_Log_Model_Visitor->saveByRequest(Object(Varien_Event_Observer))
#12 /home/projefs1/public_html/app/code/core/Mage/Core/Model/App.php(1317): Mage_Core_Model_App->_callObserverMethod(Object(Mage_Log_Model_Visitor), 'saveByRequest', Object(Varien_Event_Observer))
#13 /home/projefs1/public_html/app/Mage.php(447): Mage_Core_Model_App->dispatchEvent('controller_acti...', Array)
#14 /home/projefs1/public_html/app/code/core/Mage/Core/Controller/Varien/Action.php(552): Mage::dispatchEvent('controller_acti...', Array)
#15 /home/projefs1/public_html/app/code/core/Mage/Core/Controller/Front/Action.php(75): Mage_Core_Controller_Varien_Action->postDispatch()
#16 /home/projefs1/public_html/app/code/core/Mage/Core/Controller/Varien/Action.php(423): Mage_Core_Controller_Front_Action->postDispatch()
#17 /home/projefs1/public_html/app/code/core/Mage/Core/Controller/Varien/Router/Standard.php(250): Mage_Core_Controller_Varien_Action->dispatch('noRoute')
#18 /home/projefs1/public_html/app/code/core/Mage/Core/Controller/Varien/Front.php(176): Mage_Core_Controller_Varien_Router_Standard->match(Object(Mage_Core_Controller_Request_Http))
#19 /home/projefs1/public_html/app/code/core/Mage/Core/Model/App.php(354): Mage_Core_Controller_Varien_Front->dispatch()
#20 /home/projefs1/public_html/app/Mage.php(683): Mage_Core_Model_App->run(Array)
#21 /home/projefs1/public_html/index.php(87): Mage::run('', 'store')
#22 {main}
2013-10-02T19:55:26+00:00 ERR (3): 
exception 'Mage_Core_Exception' with message 'Invalid block type: Mage_Googleoptimizer_Block_Code_Conversion' in /home/projefs1/public_html/app/Mage.php:594
Stack trace:
#0 /home/projefs1/public_html/app/code/core/Mage/Core/Model/Layout.php(495): Mage::throwException('Invalid block t...')
#1 /home/projefs1/public_html/app/code/core/Mage/Core/Model/Layout.php(437): Mage_Core_Model_Layout->_getBlockInstance('googleoptimizer...', Array)
#2 /home/projefs1/public_html/app/code/core/Mage/Core/Model/Layout.php(472): Mage_Core_Model_Layout->createBlock('googleoptimizer...', 'googleoptimizer...')
#3 /home/projefs1/public_html/app/code/core/Mage/Core/Model/Layout.php(239): Mage_Core_Model_Layout->addBlock('googleoptimizer...', 'googleoptimizer...')
#4 /home/projefs1/public_html/app/code/core/Mage/Core/Model/Layout.php(205): Mage_Core_Model_Layout->_generateBlock(Object(Mage_Core_Model_Layout_Element), Object(Mage_Core_Model_Layout_Element))
#5 /home/projefs1/public_html/app/code/core/Mage/Core/Model/Layout.php(210): Mage_Core_Model_Layout->generateBlocks(Object(Mage_Core_Model_Layout_Element))
#6 /home/projefs1/public_html/app/code/core/Mage/Core/Controller/Varien/Action.php(344): Mage_Core_Model_Layout->generateBlocks()
#7 /home/projefs1/public_html/app/code/core/Mage/Core/Controller/Varien/Action.php(269): Mage_Core_Controller_Varien_Action->generateLayoutBlocks()
#8 /home/projefs1/public_html/app/code/local/Idev/OneStepCheckout/controllers/IndexController.php(25): Mage_Core_Controller_Varien_Action->loadLayout()
#9 /home/projefs1/public_html/app/code/core/Mage/Core/Controller/Varien/Action.php(419): Idev_OneStepCheckout_IndexController->indexAction()
#10 /home/projefs1/public_html/app/code/core/Mage/Core/Controller/Varien/Router/Standard.php(250): Mage_Core_Controller_Varien_Action->dispatch('index')
#11 /home/projefs1/public_html/app/code/core/Mage/Core/Controller/Varien/Front.php(176): Mage_Core_Controller_Varien_Router_Standard->match(Object(Mage_Core_Controller_Request_Http))
#12 /home/projefs1/public_html/app/code/core/Mage/Core/Model/App.php(354): Mage_Core_Controller_Varien_Front->dispatch()
#13 /home/projefs1/public_html/app/Mage.php(683): Mage_Core_Model_App->run(Array)
#14 /home/projefs1/public_html/index.php(87): Mage::run('', 'store')
#15 {main}
2013-10-03T18:55:32+00:00 ERR (3): 
exception 'Mage_Core_Exception' with message 'Invalid block type: Mage_Googleoptimizer_Block_Code_Conversion' in /home/projefs1/public_html/app/Mage.php:594
Stack trace:
#0 /home/projefs1/public_html/app/code/core/Mage/Core/Model/Layout.php(495): Mage::throwException('Invalid block t...')
#1 /home/projefs1/public_html/app/code/core/Mage/Core/Model/Layout.php(437): Mage_Core_Model_Layout->_getBlockInstance('googleoptimizer...', Array)
#2 /home/projefs1/public_html/app/code/core/Mage/Core/Model/Layout.php(472): Mage_Core_Model_Layout->createBlock('googleoptimizer...', 'googleoptimizer...')
#3 /home/projefs1/public_html/app/code/core/Mage/Core/Model/Layout.php(239): Mage_Core_Model_Layout->addBlock('googleoptimizer...', 'googleoptimizer...')
#4 /home/projefs1/public_html/app/code/core/Mage/Core/Model/Layout.php(205): Mage_Core_Model_Layout->_generateBlock(Object(Mage_Core_Model_Layout_Element), Object(Mage_Core_Model_Layout_Element))
#5 /home/projefs1/public_html/app/code/core/Mage/Core/Model/Layout.php(210): Mage_Core_Model_Layout->generateBlocks(Object(Mage_Core_Model_Layout_Element))
#6 /home/projefs1/public_html/app/code/core/Mage/Core/Controller/Varien/Action.php(344): Mage_Core_Model_Layout->generateBlocks()
#7 /home/projefs1/public_html/app/code/core/Mage/Core/Controller/Varien/Action.php(269): Mage_Core_Controller_Varien_Action->generateLayoutBlocks()
#8 /home/projefs1/public_html/app/code/local/Idev/OneStepCheckout/controllers/IndexController.php(25): Mage_Core_Controller_Varien_Action->loadLayout()
#9 /home/projefs1/public_html/app/code/core/Mage/Core/Controller/Varien/Action.php(419): Idev_OneStepCheckout_IndexController->indexAction()
#10 /home/projefs1/public_html/app/code/core/Mage/Core/Controller/Varien/Router/Standard.php(250): Mage_Core_Controller_Varien_Action->dispatch('index')
#11 /home/projefs1/public_html/app/code/core/Mage/Core/Controller/Varien/Front.php(176): Mage_Core_Controller_Varien_Router_Standard->match(Object(Mage_Core_Controller_Request_Http))
#12 /home/projefs1/public_html/app/code/core/Mage/Core/Model/App.php(354): Mage_Core_Controller_Varien_Front->dispatch()
#13 /home/projefs1/public_html/app/Mage.php(683): Mage_Core_Model_App->run(Array)
#14 /home/projefs1/public_html/index.php(87): Mage::run('', 'store')
#15 {main}
2013-10-03T18:55:58+00:00 ERR (3): 
exception 'Mage_Core_Exception' with message 'Invalid block type: Mage_Googleoptimizer_Block_Code_Conversion' in /home/projefs1/public_html/app/Mage.php:594
Stack trace:
#0 /home/projefs1/public_html/app/code/core/Mage/Core/Model/Layout.php(495): Mage::throwException('Invalid block t...')
#1 /home/projefs1/public_html/app/code/core/Mage/Core/Model/Layout.php(437): Mage_Core_Model_Layout->_getBlockInstance('googleoptimizer...', Array)
#2 /home/projefs1/public_html/app/code/core/Mage/Core/Model/Layout.php(472): Mage_Core_Model_Layout->createBlock('googleoptimizer...', 'googleoptimizer...')
#3 /home/projefs1/public_html/app/code/core/Mage/Core/Model/Layout.php(239): Mage_Core_Model_Layout->addBlock('googleoptimizer...', 'googleoptimizer...')
#4 /home/projefs1/public_html/app/code/core/Mage/Core/Model/Layout.php(205): Mage_Core_Model_Layout->_generateBlock(Object(Mage_Core_Model_Layout_Element), Object(Mage_Core_Model_Layout_Element))
#5 /home/projefs1/public_html/app/code/core/Mage/Core/Model/Layout.php(210): Mage_Core_Model_Layout->generateBlocks(Object(Mage_Core_Model_Layout_Element))
#6 /home/projefs1/public_html/app/code/core/Mage/Core/Controller/Varien/Action.php(344): Mage_Core_Model_Layout->generateBlocks()
#7 /home/projefs1/public_html/app/code/core/Mage/Core/Controller/Varien/Action.php(269): Mage_Core_Controller_Varien_Action->generateLayoutBlocks()
#8 /home/projefs1/public_html/app/code/local/Idev/OneStepCheckout/controllers/IndexController.php(25): Mage_Core_Controller_Varien_Action->loadLayout()
#9 /home/projefs1/public_html/app/code/core/Mage/Core/Controller/Varien/Action.php(419): Idev_OneStepCheckout_IndexController->indexAction()
#10 /home/projefs1/public_html/app/code/core/Mage/Core/Controller/Varien/Router/Standard.php(250): Mage_Core_Controller_Varien_Action->dispatch('index')
#11 /home/projefs1/public_html/app/code/core/Mage/Core/Controller/Varien/Front.php(176): Mage_Core_Controller_Varien_Router_Standard->match(Object(Mage_Core_Controller_Request_Http))
#12 /home/projefs1/public_html/app/code/core/Mage/Core/Model/App.php(354): Mage_Core_Controller_Varien_Front->dispatch()
#13 /home/projefs1/public_html/app/Mage.php(683): Mage_Core_Model_App->run(Array)
#14 /home/projefs1/public_html/index.php(87): Mage::run('', 'store')
#15 {main}
